<?xml version="1.0" encoding="utf-8"?><testsuites name="pytest tests"><testsuite name="pytest" errors="0" failures="0" skipped="0" tests="68" time="159.877" timestamp="2026-05-29T20:34:19.852157+00:00" hostname="agent-env-4524320f-7847-46ea-832a-50ba3a9e3943"><testcase classname="tests.test_league_standings" name="test_scoreboard_endpoint_returns_404_or_405" time="0.127" /><testcase classname="tests.test_league_standings" name="test_active_leagues_endpoint" time="0.126" /><testcase classname="tests.test_league_standings" name="test_create_custom_league_with_rules_image_data_url" time="0.456" /><testcase classname="tests.test_league_standings" name="test_put_edit_league" time="0.591" /><testcase classname="tests.test_league_standings" name="test_league_leaderboard_empty_and_unknown" time="0.641" /><testcase classname="tests.test_league_standings" name="test_league_standings_on_withdraw" time="9.887" /><testcase classname="tests.test_league_standings" name="test_ai_referee_posts_league_rules_in_chat" time="4.148" /><testcase classname="tests.test_league_standings" name="test_global_clan_leaderboard_still_works" time="0.106" /><testcase classname="tests.test_rivals" name="test_root" time="0.099" /><testcase classname="tests.test_rivals" name="test_games" time="0.121" /><testcase classname="tests.test_rivals" name="test_limits" time="0.116" /><testcase classname="tests.test_rivals" name="test_admin_login" time="0.314" /><testcase classname="tests.test_rivals" name="test_me_endpoint" time="0.046" /><testcase classname="tests.test_rivals" name="test_register_and_me" time="0.376" /><testcase classname="tests.test_rivals" name="test_toggle_plus" time="0.463" /><testcase classname="tests.test_rivals" name="test_rules_seeded" time="0.104" /><testcase classname="tests.test_rivals" name="test_rules_crud_admin" time="0.496" /><testcase classname="tests.test_rivals" name="test_rules_non_admin_blocked" time="0.486" /><testcase classname="tests.test_rivals" name="test_clan_create_no_id_leak" time="0.434" /><testcase classname="tests.test_rivals" name="test_clan_detail_has_limit_fields" time="0.127" /><testcase classname="tests.test_rivals" name="test_clan_detail_plus_limits" time="0.642" /><testcase classname="tests.test_rivals" name="test_vice_cap_enforced" time="1.380" /><testcase classname="tests.test_rivals" name="test_match_created" time="0.589" /><testcase classname="tests.test_rivals" name="test_vote_map_agreement_and_finish" time="1.052" /><testcase classname="tests.test_rivals" name="test_admin_resolve_map" time="0.601" /><testcase classname="tests.test_rivals" name="test_dispute_endpoint" time="0.366" /><testcase classname="tests.test_rivals" name="test_chat_post_and_permissions" time="1.852" /><testcase classname="tests.test_rivals" name="test_chat_write_blocked_for_outsiders" time="0.480" /><testcase classname="tests.test_rivals" name="test_withdraw_match" time="0.842" /><testcase classname="tests.test_rivals" name="test_withdraw_outsider_forbidden" time="0.565" /><testcase classname="tests.test_rivals" name="test_act_required_for_register" time="0.096" /><testcase classname="tests.test_rivals" name="test_register_requires_terms_acceptance" time="0.100" /><testcase classname="tests.test_rivals" name="test_forgot_password_creates_admin_request" time="0.545" /><testcase classname="tests.test_rivals" name="test_current_league_arabic_name" time="0.122" /><testcase classname="tests.test_rivals" name="test_blacklist_crud" time="0.324" /><testcase classname="tests.test_rivals" name="test_blacklist_player_can_view" time="0.545" /><testcase classname="tests.test_rivals" name="test_admin_can_edit_user" time="0.422" /><testcase classname="tests.test_rivals" name="test_clan_archive_kicks_members" time="1.434" /><testcase classname="tests.test_rivals" name="test_blacklist_public_anonymous" time="0.098" /><testcase classname="tests.test_rivals" name="test_clan_restore_brings_clan_back" time="0.977" /><testcase classname="tests.test_rivals" name="test_admin_transfer_clan_ownership" time="84.853" /><testcase classname="tests.test_rivals" name="test_online_clans_filter_returns_only_active" time="0.694" /><testcase classname="tests.test_rivals" name="test_act_change_cooldown_blocks_second_change" time="0.555" /><testcase classname="tests.test_rivals" name="test_match_prayer_break_pauses_voting" time="1.529" /><testcase classname="tests.test_rivals" name="test_match_prayer_resume_only_starter_or_admin" time="1.359" /><testcase classname="tests.test_rivals_launch" name="test_me_profile_updates_act_and_streams" time="0.558" /><testcase classname="tests.test_rivals_launch" name="test_forgot_password_admin_complete" time="1.108" /><testcase classname="tests.test_rivals_launch" name="test_admin_edit_user_full" time="1.069" /><testcase classname="tests.test_rivals_launch" name="test_admin_edit_clan" time="0.553" /><testcase classname="tests.test_rivals_launch" name="test_clan_challenge_accept_creates_match" time="8.881" /><testcase classname="tests.test_rivals_launch" name="test_clan_challenge_reject" time="7.877" /><testcase classname="tests.test_rivals_launch" name="test_3h_pair_cooldown_between_clans" time="8.559" /><testcase classname="tests.test_rivals_launch" name="test_map_timers_grace_prayer" time="1.541" /><testcase classname="tests.test_rivals_launch" name="test_clan_archive_excluded_from_listing_and_cooldown" time="2.014" /><testcase classname="tests.test_rivals_launch" name="test_leave_starts_cooldown" time="1.491" /><testcase classname="tests.test_rivals_launch" name="test_leagues_current_arabic" time="0.107" /><testcase classname="tests.test_rivals_launch" name="test_leaderboard_clans_excludes_archived_and_has_trophies" time="0.120" /><testcase classname="tests.test_rivals_launch" name="test_blacklist_with_proof_image" time="0.222" /><testcase classname="tests.test_rivals_launch" name="test_tournament_losers_bracket" time="0.120" /><testcase classname="tests.test_rivals_launch" name="test_live_streams_returns_gracefully" time="0.105" /><testcase classname="tests.test_rivals_launch" name="test_register_grants_personal_plus_trial" time="0.343" /><testcase classname="tests.test_rivals_launch" name="test_personal_plus_required_for_visual_customization" time="0.457" /><testcase classname="tests.test_rivals_launch" name="test_join_clan_requires_act" time="1.374" /><testcase classname="tests.test_rivals_launch" name="test_clan_challenge_blocked_under_6_members" time="1.034" /><testcase classname="tests.test_rivals_launch" name="test_career_stats_kd_in_sanitized_user" time="0.360" /><testcase classname="tests.test_rivals_launch" name="test_league_leaderboard_endpoint_and_empty_state" time="0.327" /><testcase classname="tests.test_rivals_launch" name="test_league_leaderboard_404_for_unknown" time="0.129" /><testcase classname="tests.test_rivals_launch" name="test_scoreboard_endpoint_removed" time="0.147" /></testsuite></testsuites>