<?xml version="1.0" encoding="utf-8"?><testsuites name="pytest tests"><testsuite name="pytest" errors="0" failures="0" skipped="0" tests="20" time="10.001" timestamp="2026-05-18T23:26:38.214546+00:00" hostname="agent-env-4524320f-7847-46ea-832a-50ba3a9e3943"><testcase classname="backend.tests.test_rivals" name="test_root" time="0.147" /><testcase classname="backend.tests.test_rivals" name="test_games" time="0.101" /><testcase classname="backend.tests.test_rivals" name="test_limits" time="0.112" /><testcase classname="backend.tests.test_rivals" name="test_admin_login" time="0.328" /><testcase classname="backend.tests.test_rivals" name="test_me_endpoint" time="0.046" /><testcase classname="backend.tests.test_rivals" name="test_register_and_me" time="0.396" /><testcase classname="backend.tests.test_rivals" name="test_toggle_plus" time="0.430" /><testcase classname="backend.tests.test_rivals" name="test_rules_seeded" time="0.106" /><testcase classname="backend.tests.test_rivals" name="test_rules_crud_admin" time="0.435" /><testcase classname="backend.tests.test_rivals" name="test_rules_non_admin_blocked" time="0.456" /><testcase classname="backend.tests.test_rivals" name="test_clan_create_no_id_leak" time="0.462" /><testcase classname="backend.tests.test_rivals" name="test_clan_detail_has_limit_fields" time="0.094" /><testcase classname="backend.tests.test_rivals" name="test_clan_detail_plus_limits" time="0.707" /><testcase classname="backend.tests.test_rivals" name="test_vice_cap_enforced" time="1.397" /><testcase classname="backend.tests.test_rivals" name="test_match_created" time="0.527" /><testcase classname="backend.tests.test_rivals" name="test_vote_map_agreement_and_finish" time="1.009" /><testcase classname="backend.tests.test_rivals" name="test_admin_resolve_map" time="0.547" /><testcase classname="backend.tests.test_rivals" name="test_dispute_endpoint" time="0.344" /><testcase classname="backend.tests.test_rivals" name="test_chat_post_and_permissions" time="1.851" /><testcase classname="backend.tests.test_rivals" name="test_chat_write_blocked_for_outsiders" time="0.432" /></testsuite></testsuites>